<?xml version="1.0" encoding="UTF-8"?>
<!-- Generated by org.testng.reporters.JUnitReportReporter -->
<testsuite hostname="LAPTOP-LPR232VR" failures="0" tests="1" name="com.comcast.crm.contacttest.CreateContactTest" time="27.019" errors="0" timestamp="2024-06-28T11:07:12 IST" skipped="0">
  <testcase classname="com.comcast.crm.contacttest.CreateContactTest" name="CreateContactWithOrgIntegTest" time="27.019"/>
</testsuite> <!-- com.comcast.crm.contacttest.CreateContactTest -->
